LineGame/Temp/gradleOut/launcher/build/intermediates/manifest_merge_blame_file/release/manifest-merger-blame-release-report.txt
1<?xml version="1.0" encoding="utf-8"?>
2<!-- GENERATED BY UNITY. REMOVE THIS COMMENT TO PREVENT OVERWRITING WHEN EXPORTING AGAIN -->
3<manifest xmlns:android="http://schemas.android.com/apk/res/android"
4    package="com.LDGames.LineSlide"
5    android:installLocation="auto"
6    android:versionCode="100001"
7    android:versionName="1.00" >
8
9    <uses-sdk
10        android:minSdkVersion="24"
10-->src\main\AndroidManifest.xml
11        android:targetSdkVersion="34" />
11-->src\main\AndroidManifest.xml
12
13    <supports-screens
13-->src\main\AndroidManifest.xml:4:3-163
14        android:anyDensity="true"
14-->src\main\AndroidManifest.xml:4:135-160
15        android:largeScreens="true"
15-->src\main\AndroidManifest.xml:4:78-105
16        android:normalScreens="true"
16-->src\main\AndroidManifest.xml:4:49-77
17        android:smallScreens="true"
17-->src\main\AndroidManifest.xml:4:21-48
18        android:xlargeScreens="true" />
18-->src\main\AndroidManifest.xml:4:106-134
19
20    <uses-feature android:glEsVersion="0x00030000" />
20-->[:unityLibrary] AndroidManifest.xml:13:5-54
20-->[:unityLibrary] AndroidManifest.xml:13:19-51
21    <uses-feature
21-->[:unityLibrary] AndroidManifest.xml:14:5-16:36
22        android:name="android.hardware.vulkan.version"
22-->[:unityLibrary] AndroidManifest.xml:15:9-55
23        android:required="false" />
23-->[:unityLibrary] AndroidManifest.xml:16:9-33
24
25    <uses-permission android:name="android.permission.INTERNET" />
25-->[:unityLibrary] AndroidManifest.xml:18:5-67
25-->[:unityLibrary] AndroidManifest.xml:18:22-64
26    <uses-permission android:name="android.permission.VIBRATE" />
26-->[:unityLibrary] AndroidManifest.xml:19:5-66
26-->[:unityLibrary] AndroidManifest.xml:19:22-63
27
28    <uses-feature
28-->[:unityLibrary] AndroidManifest.xml:21:5-23:36
29        android:name="android.hardware.touchscreen"
29-->[:unityLibrary] AndroidManifest.xml:22:9-52
30        android:required="false" />
30-->[:unityLibrary] AndroidManifest.xml:23:9-33
31    <uses-feature
31-->[:unityLibrary] AndroidManifest.xml:24:5-26:36
32        android:name="android.hardware.touchscreen.multitouch"
32-->[:unityLibrary] AndroidManifest.xml:25:9-63
33        android:required="false" />
33-->[:unityLibrary] AndroidManifest.xml:26:9-33
34    <uses-feature
34-->[:unityLibrary] AndroidManifest.xml:27:5-29:36
35        android:name="android.hardware.touchscreen.multitouch.distinct"
35-->[:unityLibrary] AndroidManifest.xml:28:9-72
36        android:required="false" />
36-->[:unityLibrary] AndroidManifest.xml:29:9-33
37
38    <application
38-->src\main\AndroidManifest.xml:5:3-159
39        android:extractNativeLibs="true"
39-->src\main\AndroidManifest.xml:5:16-48
40        android:icon="@mipmap/app_icon"
40-->src\main\AndroidManifest.xml:5:82-113
41        android:label="@string/app_name"
41-->src\main\AndroidManifest.xml:5:49-81
42        android:roundIcon="@mipmap/app_icon_round" >
42-->src\main\AndroidManifest.xml:5:114-156
43        <activity
43-->[:unityLibrary] AndroidManifest.xml:32:9-50:20
44            android:name="com.unity3d.player.UnityPlayerActivity"
44-->[:unityLibrary] AndroidManifest.xml:33:13-66
45            android:configChanges="mcc|mnc|locale|touchscreen|keyboard|keyboardHidden|navigation|orientation|screenLayout|uiMode|screenSize|smallestScreenSize|fontScale|layoutDirection|density"
45-->[:unityLibrary] AndroidManifest.xml:34:13-194
46            android:exported="true"
46-->[:unityLibrary] AndroidManifest.xml:35:13-36
47            android:hardwareAccelerated="false"
47-->[:unityLibrary] AndroidManifest.xml:36:13-48
48            android:launchMode="singleTask"
48-->[:unityLibrary] AndroidManifest.xml:37:13-44
49            android:resizeableActivity="false"
49-->[:unityLibrary] AndroidManifest.xml:38:13-47
50            android:screenOrientation="portrait"
50-->[:unityLibrary] AndroidManifest.xml:39:13-49
51            android:theme="@style/UnityThemeSelector" >
51-->[:unityLibrary] AndroidManifest.xml:40:13-54
52            <intent-filter>
52-->[:unityLibrary] AndroidManifest.xml:41:13-45:29
53                <action android:name="android.intent.action.MAIN" />
53-->[:unityLibrary] AndroidManifest.xml:42:17-69
53-->[:unityLibrary] AndroidManifest.xml:42:25-66
54
55                <category android:name="android.intent.category.LAUNCHER" />
55-->[:unityLibrary] AndroidManifest.xml:44:17-77
55-->[:unityLibrary] AndroidManifest.xml:44:27-74
56            </intent-filter>
57
58            <meta-data
58-->[:unityLibrary] AndroidManifest.xml:47:13-49:40
59                android:name="unityplayer.UnityActivity"
59-->[:unityLibrary] AndroidManifest.xml:48:17-57
60                android:value="true" />
60-->[:unityLibrary] AndroidManifest.xml:49:17-37
61        </activity>
62
63        <meta-data
63-->[:unityLibrary] AndroidManifest.xml:52:9-54:33
64            android:name="unity.splash-mode"
64-->[:unityLibrary] AndroidManifest.xml:53:13-45
65            android:value="0" />
65-->[:unityLibrary] AndroidManifest.xml:54:13-30
66        <meta-data
66-->[:unityLibrary] AndroidManifest.xml:55:9-57:36
67            android:name="unity.splash-enable"
67-->[:unityLibrary] AndroidManifest.xml:56:13-47
68            android:value="True" />
68-->[:unityLibrary] AndroidManifest.xml:57:13-33
69        <meta-data
69-->[:unityLibrary] AndroidManifest.xml:58:9-60:37
70            android:name="unity.allow-resizable-window"
70-->[:unityLibrary] AndroidManifest.xml:59:13-56
71            android:value="False" />
71-->[:unityLibrary] AndroidManifest.xml:60:13-34
72        <meta-data
72-->[:unityLibrary] AndroidManifest.xml:61:9-63:68
73            android:name="unity.build-id"
73-->[:unityLibrary] AndroidManifest.xml:62:13-42
74            android:value="ed2340e4-683b-4208-9fe7-0fa6b1c3caa3" />
74-->[:unityLibrary] AndroidManifest.xml:63:13-65
75    </application>
76
77</manifest>